ISim log file
Running: C:\Users\Pablo\Documents\arqi\ise\tp2\CPU_tb_isim_beh.exe -intstyle ise -gui -tclbatch isim.cmd -view C:/Users/Pablo/Documents/arqi/ise/tp2/SINAIS.wcfg -wdb C:/Users/Pablo/Documents/arqi/ise/tp2/CPU_tb_isim_beh.wdb 
ISim P.20131013 (signature 0x7708f090)
WARNING: A WEBPACK license was found.
WARNING: Please use Xilinx License Configuration Manager to check out a full ISim license.
WARNING: ISim will run in Lite mode. Please refer to the ISim documentation for more information on the differences between the Lite and the Full version.
This is a Lite version of ISim.
Time resolution is 1 ps
# onerror resume
# run 100 ns
Simulator is doing circuit initialization process.
at 0 ps, Instance /cpu_tb/cpu/dp/ : Warning: There is an 'U'|'X'|'W'|'Z'|'-' in an arithmetic operand, the result will be 'X'(es).
at 0 ps, Instance /cpu_tb/cpu/dp/REGS/ : Warning: CONV_INTEGER: There is an 'U'|'X'|'W'|'Z'|'-' in an arithmetic operand, and it has been converted to 0.
Finished circuit initialization process.
at 0 ps, Instance /cpu_tb/cpu/dp/REGS/ : Warning: CONV_INTEGER: There is an 'U'|'X'|'W'|'Z'|'-' in an arithmetic operand, and it has been converted to 0.
at 0 ps, Instance /cpu_tb/cpu/dp/REGS/ : Warning: CONV_INTEGER: There is an 'U'|'X'|'W'|'Z'|'-' in an arithmetic operand, and it has been converted to 0.
at 0 ps: Error: ******************* INVALID INSTRUCTION *************
at 7600 ps(3): Error: ******************* INVALID INSTRUCTION *************
at 8400 ps(3): Error: ******************* INVALID INSTRUCTION *************
at 13 ns(2), Instance /cpu_tb/Instr_mem/ : Warning: CONV_INTEGER: There is an 'U'|'X'|'W'|'Z'|'-' in an arithmetic operand, and it has been converted to 0.
at 13 ns(2), Instance /cpu_tb/Instr_mem/ : Warning: CONV_INTEGER: There is an 'U'|'X'|'W'|'Z'|'-' in an arithmetic operand, and it has been converted to 0.
at 13 ns(2), Instance /cpu_tb/Instr_mem/ : Warning: CONV_INTEGER: There is an 'U'|'X'|'W'|'Z'|'-' in an arithmetic operand, and it has been converted to 0.
at 13 ns(2), Instance /cpu_tb/Instr_mem/ : Warning: CONV_INTEGER: There is an 'U'|'X'|'W'|'Z'|'-' in an arithmetic operand, and it has been converted to 0.
at 13 ns(2), Instance /cpu_tb/Instr_mem/ : Warning: CONV_INTEGER: There is an 'U'|'X'|'W'|'Z'|'-' in an arithmetic operand, and it has been converted to 0.
at 13 ns(2), Instance /cpu_tb/Instr_mem/ : Warning: CONV_INTEGER: There is an 'U'|'X'|'W'|'Z'|'-' in an arithmetic operand, and it has been converted to 0.
at 13 ns(2): Error: ******************* INVALID INSTRUCTION *************
at 13 ns(4): Error: ******************* INVALID INSTRUCTION *************
# restart
# run 1.00us
Simulator is doing circuit initialization process.
at 0 ps, Instance /cpu_tb/cpu/dp/REGS/ : Warning: CONV_INTEGER: There is an 'U'|'X'|'W'|'Z'|'-' in an arithmetic operand, and it has been converted to 0.
Finished circuit initialization process.
at 0 ps, Instance /cpu_tb/cpu/dp/REGS/ : Warning: CONV_INTEGER: There is an 'U'|'X'|'W'|'Z'|'-' in an arithmetic operand, and it has been converted to 0.
at 0 ps, Instance /cpu_tb/cpu/dp/REGS/ : Warning: CONV_INTEGER: There is an 'U'|'X'|'W'|'Z'|'-' in an arithmetic operand, and it has been converted to 0.
at 0 ps: Error: ******************* INVALID INSTRUCTION *************
at 7600 ps(3): Error: ******************* INVALID INSTRUCTION *************
at 8400 ps(3): Error: ******************* INVALID INSTRUCTION *************
at 13 ns(2), Instance /cpu_tb/Instr_mem/ : Warning: CONV_INTEGER: There is an 'U'|'X'|'W'|'Z'|'-' in an arithmetic operand, and it has been converted to 0.
at 13 ns(2), Instance /cpu_tb/Instr_mem/ : Warning: CONV_INTEGER: There is an 'U'|'X'|'W'|'Z'|'-' in an arithmetic operand, and it has been converted to 0.
at 13 ns(2), Instance /cpu_tb/Instr_mem/ : Warning: CONV_INTEGER: There is an 'U'|'X'|'W'|'Z'|'-' in an arithmetic operand, and it has been converted to 0.
at 13 ns(2), Instance /cpu_tb/Instr_mem/ : Warning: CONV_INTEGER: There is an 'U'|'X'|'W'|'Z'|'-' in an arithmetic operand, and it has been converted to 0.
at 13 ns(2), Instance /cpu_tb/Instr_mem/ : Warning: CONV_INTEGER: There is an 'U'|'X'|'W'|'Z'|'-' in an arithmetic operand, and it has been converted to 0.
at 13 ns(2), Instance /cpu_tb/Instr_mem/ : Warning: CONV_INTEGER: There is an 'U'|'X'|'W'|'Z'|'-' in an arithmetic operand, and it has been converted to 0.
at 13 ns(2): Error: ******************* INVALID INSTRUCTION *************
at 13 ns(4): Error: ******************* INVALID INSTRUCTION *************
# restart
# run 1.00ns
Simulator is doing circuit initialization process.
at 0 ps, Instance /cpu_tb/cpu/dp/REGS/ : Warning: CONV_INTEGER: There is an 'U'|'X'|'W'|'Z'|'-' in an arithmetic operand, and it has been converted to 0.
Finished circuit initialization process.
at 0 ps, Instance /cpu_tb/cpu/dp/REGS/ : Warning: CONV_INTEGER: There is an 'U'|'X'|'W'|'Z'|'-' in an arithmetic operand, and it has been converted to 0.
at 0 ps, Instance /cpu_tb/cpu/dp/REGS/ : Warning: CONV_INTEGER: There is an 'U'|'X'|'W'|'Z'|'-' in an arithmetic operand, and it has been converted to 0.
at 0 ps: Error: ******************* INVALID INSTRUCTION *************
# run 1.00ns
# run 1.00ns
# run 1.00ns
